# JRE version: Java(TM) SE Runtime Environment (8.0_91-b14) (build 1.8.0_91-b14)
# Java VM: Java HotSpot(TM) Server VM (25.91-b14 mixed mode linux-x86 )
Heap:
 PSYoungGen      total 74752K, used 43169K [0x91ac0000, 0x9adc0000, 0xa7000000)
  eden space 65536K, 65% used [0x91ac0000,0x944e87e0,0x95ac0000)
  from space 9216K, 0% used [0x95ac0000,0x95ac0000,0x963c0000)
  to   space 9728K, 0% used [0x9a440000,0x9a440000,0x9adc0000)
 ParOldGen       total 40704K, used 12787K [0x67000000, 0x697c0000, 0x91ac0000)
  object space 40704K, 31% used [0x67000000,0x67c7cf80,0x697c0000)
 Metaspace       used 18174K, capacity 18449K, committed 18560K, reserved 18736K
GC Heap History (10 events):
Event: 1.505 GC heap before
{Heap before GC invocations=4 (full 0):
 PSYoungGen      total 19200K, used 19184K [0x91ac0000, 0x94040000, 0xa7000000)
  eden space 16640K, 100% used [0x91ac0000,0x92b00000,0x92b00000)
  from space 2560K, 99% used [0x92b00000,0x92d7c090,0x92d80000)
  to   space 2560K, 0% used [0x93dc0000,0x93dc0000,0x94040000)
 ParOldGen       total 43776K, used 1787K [0x67000000, 0x69ac0000, 0x91ac0000)
  object space 43776K, 4% used [0x67000000,0x671beea8,0x69ac0000)
 Metaspace       used 8503K, capacity 8715K, committed 8728K, reserved 9520K
Event: 1.523 GC heap after
Heap after GC invocations=4 (full 0):
 PSYoungGen      total 35840K, used 2548K [0x91ac0000, 0x94040000, 0xa7000000)
  eden space 33280K, 0% used [0x91ac0000,0x91ac0000,0x93b40000)
  from space 2560K, 99% used [0x93dc0000,0x9403d2b8,0x94040000)
  to   space 2560K, 0% used [0x93b40000,0x93b40000,0x93dc0000)
 ParOldGen       total 43776K, used 4173K [0x67000000, 0x69ac0000, 0x91ac0000)
  object space 43776K, 9% used [0x67000000,0x674136b0,0x69ac0000)
 Metaspace       used 8503K, capacity 8715K, committed 8728K, reserved 9520K
}
Event: 2.444 GC heap before
{Heap before GC invocations=5 (full 0):
 PSYoungGen      total 35840K, used 35828K [0x91ac0000, 0x94040000, 0xa7000000)
  eden space 33280K, 100% used [0x91ac0000,0x93b40000,0x93b40000)
  from space 2560K, 99% used [0x93dc0000,0x9403d2b8,0x94040000)
  to   space 2560K, 0% used [0x93b40000,0x93b40000,0x93dc0000)
 ParOldGen       total 43776K, used 4182K [0x67000000, 0x69ac0000, 0x91ac0000)
  object space 43776K, 9% used [0x67000000,0x674158d0,0x69ac0000)
 Metaspace       used 12573K, capacity 12795K, committed 12824K, reserved 13616K
Event: 2.462 GC heap after
Heap after GC invocations=5 (full 0):
 PSYoungGen      total 35840K, used 2556K [0x91ac0000, 0x96bc0000, 0xa7000000)
  eden space 33280K, 0% used [0x91ac0000,0x91ac0000,0x93b40000)
  from space 2560K, 99% used [0x93b40000,0x93dbf2c8,0x93dc0000)
  to   space 8192K, 0% used [0x963c0000,0x963c0000,0x96bc0000)
 ParOldGen       total 43776K, used 9338K [0x67000000, 0x69ac0000, 0x91ac0000)
  object space 43776K, 21% used [0x67000000,0x6791eb00,0x69ac0000)
 Metaspace       used 12573K, capacity 12795K, committed 12824K, reserved 13616K
}
Event: 3.376 GC heap before
{Heap before GC invocations=6 (full 0):
 PSYoungGen      total 35840K, used 35836K [0x91ac0000, 0x96bc0000, 0xa7000000)
  eden space 33280K, 100% used [0x91ac0000,0x93b40000,0x93b40000)
  from space 2560K, 99% used [0x93b40000,0x93dbf2c8,0x93dc0000)
  to   space 8192K, 0% used [0x963c0000,0x963c0000,0x96bc0000)
 ParOldGen       total 43776K, used 9338K [0x67000000, 0x69ac0000, 0x91ac0000)
  object space 43776K, 21% used [0x67000000,0x6791eb00,0x69ac0000)
 Metaspace       used 14534K, capacity 14835K, committed 14872K, reserved 15664K
Event: 3.395 GC heap after
Heap after GC invocations=6 (full 0):
 PSYoungGen      total 73728K, used 7082K [0x91ac0000, 0x96dc0000, 0xa7000000)
  eden space 65536K, 0% used [0x91ac0000,0x91ac0000,0x95ac0000)
  from space 8192K, 86% used [0x963c0000,0x96aaa858,0x96bc0000)
  to   space 9216K, 0% used [0x95ac0000,0x95ac0000,0x963c0000)
 ParOldGen       total 43776K, used 9338K [0x67000000, 0x69ac0000, 0x91ac0000)
  object space 43776K, 21% used [0x67000000,0x6791eb00,0x69ac0000)
 Metaspace       used 14534K, capacity 14835K, committed 14872K, reserved 15664K
}
Event: 4.041 GC heap before
{Heap before GC invocations=7 (full 0):
 PSYoungGen      total 73728K, used 36112K [0x91ac0000, 0x96dc0000, 0xa7000000)
  eden space 65536K, 44% used [0x91ac0000,0x93719b88,0x95ac0000)
  from space 8192K, 86% used [0x963c0000,0x96aaa858,0x96bc0000)
  to   space 9216K, 0% used [0x95ac0000,0x95ac0000,0x963c0000)
 ParOldGen       total 43776K, used 9338K [0x67000000, 0x69ac0000, 0x91ac0000)
  object space 43776K, 21% used [0x67000000,0x6791eb00,0x69ac0000)
 Metaspace       used 16040K, capacity 16329K, committed 16384K, reserved 16688K
Event: 4.063 GC heap after
Heap after GC invocations=7 (full 0):
 PSYoungGen      total 74752K, used 7057K [0x91ac0000, 0x9adc0000, 0xa7000000)
  eden space 65536K, 0% used [0x91ac0000,0x91ac0000,0x95ac0000)
  from space 9216K, 76% used [0x95ac0000,0x961a4528,0x963c0000)
  to   space 9728K, 0% used [0x9a440000,0x9a440000,0x9adc0000)
 ParOldGen       total 43776K, used 9674K [0x67000000, 0x69ac0000, 0x91ac0000)
  object space 43776K, 22% used [0x67000000,0x67972ae0,0x69ac0000)
 Metaspace       used 16040K, capacity 16329K, committed 16384K, reserved 16688K
}
Event: 4.063 GC heap before
{Heap before GC invocations=8 (full 1):
 PSYoungGen      total 74752K, used 7057K [0x91ac0000, 0x9adc0000, 0xa7000000)
  eden space 65536K, 0% used [0x91ac0000,0x91ac0000,0x95ac0000)
  from space 9216K, 76% used [0x95ac0000,0x961a4528,0x963c0000)
  to   space 9728K, 0% used [0x9a440000,0x9a440000,0x9adc0000)
 ParOldGen       total 43776K, used 9674K [0x67000000, 0x69ac0000, 0x91ac0000)
  object space 43776K, 22% used [0x67000000,0x67972ae0,0x69ac0000)
 Metaspace       used 16040K, capacity 16329K, committed 16384K, reserved 16688K
Event: 4.125 GC heap after
Heap after GC invocations=8 (full 1):
 PSYoungGen      total 74752K, used 0K [0x91ac0000, 0x9adc0000, 0xa7000000)
  eden space 65536K, 0% used [0x91ac0000,0x91ac0000,0x95ac0000)
  from space 9216K, 0% used [0x95ac0000,0x95ac0000,0x963c0000)
  to   space 9728K, 0% used [0x9a440000,0x9a440000,0x9adc0000)
 ParOldGen       total 40704K, used 12787K [0x67000000, 0x697c0000, 0x91ac0000)
  object space 40704K, 31% used [0x67000000,0x67c7cf80,0x697c0000)
 Metaspace       used 16040K, capacity 16329K, committed 16384K, reserved 16688K
}

