# JRE version: Java(TM) SE Runtime Environment (8.0_91-b14) (build 1.8.0_91-b14)
# Java VM: Java HotSpot(TM) Server VM (25.91-b14 mixed mode linux-x86 )
Heap:
 PSYoungGen      total 144640K, used 62520K [0x91ac0000, 0x9bc40000, 0xa7000000)
  eden space 130816K, 37% used [0x91ac0000,0x94b2f950,0x99a80000)
  from space 13824K, 93% used [0x9aa40000,0x9b6de9b8,0x9b7c0000)
  to   space 16128K, 0% used [0x99a80000,0x99a80000,0x9aa40000)
 ParOldGen       total 43776K, used 21009K [0x67000000, 0x69ac0000, 0x91ac0000)
  object space 43776K, 47% used [0x67000000,0x68484658,0x69ac0000)
 Metaspace       used 2418K, capacity 2624K, committed 2712K, reserved 4400K
GC Heap History (10 events):
Event: 0.441 GC heap before
{Heap before GC invocations=2 (full 0):
 PSYoungGen      total 19200K, used 19193K [0x91ac0000, 0x94040000, 0xa7000000)
  eden space 16640K, 100% used [0x91ac0000,0x92b00000,0x92b00000)
  from space 2560K, 99% used [0x92b00000,0x92d7e6f8,0x92d80000)
  to   space 2560K, 0% used [0x93dc0000,0x93dc0000,0x94040000)
 ParOldGen       total 43776K, used 260K [0x67000000, 0x69ac0000, 0x91ac0000)
  object space 43776K, 0% used [0x67000000,0x67041000,0x69ac0000)
 Metaspace       used 2385K, capacity 2592K, committed 2712K, reserved 4400K
Event: 0.448 GC heap after
Heap after GC invocations=2 (full 0):
 PSYoungGen      total 35840K, used 2545K [0x91ac0000, 0x94040000, 0xa7000000)
  eden space 33280K, 0% used [0x91ac0000,0x91ac0000,0x93b40000)
  from space 2560K, 99% used [0x93dc0000,0x9403c4f0,0x94040000)
  to   space 2560K, 0% used [0x93b40000,0x93b40000,0x93dc0000)
 ParOldGen       total 43776K, used 1217K [0x67000000, 0x69ac0000, 0x91ac0000)
  object space 43776K, 2% used [0x67000000,0x67130630,0x69ac0000)
 Metaspace       used 2385K, capacity 2592K, committed 2712K, reserved 4400K
}
Event: 0.661 GC heap before
{Heap before GC invocations=3 (full 0):
 PSYoungGen      total 35840K, used 35825K [0x91ac0000, 0x94040000, 0xa7000000)
  eden space 33280K, 100% used [0x91ac0000,0x93b40000,0x93b40000)
  from space 2560K, 99% used [0x93dc0000,0x9403c4f0,0x94040000)
  to   space 2560K, 0% used [0x93b40000,0x93b40000,0x93dc0000)
 ParOldGen       total 43776K, used 1217K [0x67000000, 0x69ac0000, 0x91ac0000)
  object space 43776K, 2% used [0x67000000,0x67130630,0x69ac0000)
 Metaspace       used 2397K, capacity 2592K, committed 2712K, reserved 4400K
Event: 0.669 GC heap after
Heap after GC invocations=3 (full 0):
 PSYoungGen      total 35840K, used 2559K [0x91ac0000, 0x960c0000, 0xa7000000)
  eden space 33280K, 0% used [0x91ac0000,0x91ac0000,0x93b40000)
  from space 2560K, 99% used [0x93b40000,0x93dbfc68,0x93dc0000)
  to   space 2560K, 0% used [0x95e40000,0x95e40000,0x960c0000)
 ParOldGen       total 43776K, used 4854K [0x67000000, 0x69ac0000, 0x91ac0000)
  object space 43776K, 11% used [0x67000000,0x674bd888,0x69ac0000)
 Metaspace       used 2397K, capacity 2592K, committed 2712K, reserved 4400K
}
Event: 0.906 GC heap before
{Heap before GC invocations=4 (full 0):
 PSYoungGen      total 35840K, used 35839K [0x91ac0000, 0x960c0000, 0xa7000000)
  eden space 33280K, 100% used [0x91ac0000,0x93b40000,0x93b40000)
  from space 2560K, 99% used [0x93b40000,0x93dbfc68,0x93dc0000)
  to   space 2560K, 0% used [0x95e40000,0x95e40000,0x960c0000)
 ParOldGen       total 43776K, used 4854K [0x67000000, 0x69ac0000, 0x91ac0000)
  object space 43776K, 11% used [0x67000000,0x674bd888,0x69ac0000)
 Metaspace       used 2414K, capacity 2624K, committed 2712K, reserved 4400K
Event: 0.920 GC heap after
Heap after GC invocations=4 (full 0):
 PSYoungGen      total 69120K, used 2557K [0x91ac0000, 0x960c0000, 0xa7000000)
  eden space 66560K, 0% used [0x91ac0000,0x91ac0000,0x95bc0000)
  from space 2560K, 99% used [0x95e40000,0x960bf6a8,0x960c0000)
  to   space 2560K, 0% used [0x95bc0000,0x95bc0000,0x95e40000)
 ParOldGen       total 43776K, used 10729K [0x67000000, 0x69ac0000, 0x91ac0000)
  object space 43776K, 24% used [0x67000000,0x67a7a7b8,0x69ac0000)
 Metaspace       used 2414K, capacity 2624K, committed 2712K, reserved 4400K
}
Event: 1.303 GC heap before
{Heap before GC invocations=5 (full 0):
 PSYoungGen      total 69120K, used 69117K [0x91ac0000, 0x960c0000, 0xa7000000)
  eden space 66560K, 100% used [0x91ac0000,0x95bc0000,0x95bc0000)
  from space 2560K, 99% used [0x95e40000,0x960bf6a8,0x960c0000)
  to   space 2560K, 0% used [0x95bc0000,0x95bc0000,0x95e40000)
 ParOldGen       total 43776K, used 10729K [0x67000000, 0x69ac0000, 0x91ac0000)
  object space 43776K, 24% used [0x67000000,0x67a7a7b8,0x69ac0000)
 Metaspace       used 2414K, capacity 2624K, committed 2712K, reserved 4400K
Event: 1.323 GC heap after
Heap after GC invocations=5 (full 0):
 PSYoungGen      total 69120K, used 2544K [0x91ac0000, 0x9b7c0000, 0xa7000000)
  eden space 66560K, 0% used [0x91ac0000,0x91ac0000,0x95bc0000)
  from space 2560K, 99% used [0x95bc0000,0x95e3c020,0x95e40000)
  to   space 13824K, 0% used [0x9aa40000,0x9aa40000,0x9b7c0000)
 ParOldGen       total 43776K, used 21009K [0x67000000, 0x69ac0000, 0x91ac0000)
  object space 43776K, 47% used [0x67000000,0x68484658,0x69ac0000)
 Metaspace       used 2414K, capacity 2624K, committed 2712K, reserved 4400K
}
Event: 1.767 GC heap before
{Heap before GC invocations=6 (full 0):
 PSYoungGen      total 69120K, used 69104K [0x91ac0000, 0x9b7c0000, 0xa7000000)
  eden space 66560K, 100% used [0x91ac0000,0x95bc0000,0x95bc0000)
  from space 2560K, 99% used [0x95bc0000,0x95e3c020,0x95e40000)
  to   space 13824K, 0% used [0x9aa40000,0x9aa40000,0x9b7c0000)
 ParOldGen       total 43776K, used 21009K [0x67000000, 0x69ac0000, 0x91ac0000)
  object space 43776K, 47% used [0x67000000,0x68484658,0x69ac0000)
 Metaspace       used 2416K, capacity 2624K, committed 2712K, reserved 4400K
Event: 1.790 GC heap after
Heap after GC invocations=6 (full 0):
 PSYoungGen      total 144640K, used 12922K [0x91ac0000, 0x9bc40000, 0xa7000000)
  eden space 130816K, 0% used [0x91ac0000,0x91ac0000,0x99a80000)
  from space 13824K, 93% used [0x9aa40000,0x9b6de9b8,0x9b7c0000)
  to   space 16128K, 0% used [0x99a80000,0x99a80000,0x9aa40000)
 ParOldGen       total 43776K, used 21009K [0x67000000, 0x69ac0000, 0x91ac0000)
  object space 43776K, 47% used [0x67000000,0x68484658,0x69ac0000)
 Metaspace       used 2416K, capacity 2624K, committed 2712K, reserved 4400K
}

